<?xml version="1.0" encoding="UTF-8"?>
<testsuite xmlns:xsi="http://www.w3.org/2001/XMLSchema-instance" xsi:noNamespaceSchemaLocation="https://maven.apache.org/surefire/maven-surefire-plugin/xsd/surefire-test-report-3.0.xsd" version="3.0" name="conduitApp.ConduitTest" time="5.386" tests="1" errors="0" skipped="0" failures="1">
  <properties>
[...]
</properties>
  <testcase name="testParallel" classname="conduitApp.ConduitTest" time="5.358">
    <failure message="status code was: 530, expected: 200, response time in milliseconds: 584, url: https://api.realworld.io/api/users/login, response: &#10;error code: 1016&#10;classpath:conduitApp/feature/Article.feature:8&#10;status code was: 530, expected: 200, response time in milliseconds: 585, url: https://api.realworld.io/api/tags, response: &#10;error code: 1016&#10;classpath:conduitApp/feature/HomePage.feature:10&#10;status code was: 530, expected: 200, response time in milliseconds: 769, url: https://api.realworld.io/api/articles?offset=0&amp;limit=10, response: &#10;error code: 1016&#10;classpath:conduitApp/feature/HomePage.feature:21 ==&gt; expected: &lt;0&gt; but was: &lt;3&gt;" type="org.opentest4j.AssertionFailedError"><![CDATA[org.opentest4j.AssertionFailedError: 
status code was: 530, expected: 200, response time in milliseconds: 584, url: https://api.realworld.io/api/users/login, response: 
error code: 1016
classpath:conduitApp/feature/Article.feature:8
status code was: 530, expected: 200, response time in milliseconds: 585, url: https://api.realworld.io/api/tags, response: 
error code: 1016
classpath:conduitApp/feature/HomePage.feature:10
status code was: 530, expected: 200, response time in milliseconds: 769, url: https://api.realworld.io/api/articles?offset=0&limit=10, response: 
error code: 1016
classpath:conduitApp/feature/HomePage.feature:21 ==> expected: <0> but was: <3>
	at org.junit.jupiter.api.AssertionFailureBuilder.build(AssertionFailureBuilder.java:151)
	at org.junit.jupiter.api.AssertionFailureBuilder.buildAndThrow(AssertionFailureBuilder.java:132)
	at org.junit.jupiter.api.AssertEquals.failNotEqual(AssertEquals.java:197)
	at org.junit.jupiter.api.AssertEquals.assertEquals(AssertEquals.java:150)
	at org.junit.jupiter.api.Assertions.assertEquals(Assertions.java:560)
	at conduitApp.ConduitTest.testParallel(ConduitTest.java:17)
	at java.base/jdk.internal.reflect.NativeMethodAccessorImpl.invoke0(Native Method)
	at java.base/jdk.internal.reflect.NativeMethodAccessorImpl.invoke(NativeMethodAccessorImpl.java:62)
	at java.base/jdk.internal.reflect.DelegatingMethodAccessorImpl.invoke(DelegatingMethodAccessorImpl.java:43)
	at java.base/java.lang.reflect.Method.invoke(Method.java:566)
	at org.junit.platform.commons.util.ReflectionUtils.invokeMethod(ReflectionUtils.java:727)
	at org.junit.jupiter.engine.execution.MethodInvocation.proceed(MethodInvocation.java:60)
	at org.junit.jupiter.engine.execution.InvocationInterceptorChain$ValidatingInvocation.proceed(InvocationInterceptorChain.java:131)
	at org.junit.jupiter.engine.extension.TimeoutExtension.intercept(TimeoutExtension.java:156)
	at org.junit.jupiter.engine.extension.TimeoutExtension.interceptTestableMethod(TimeoutExtension.java:147)
	at org.junit.jupiter.engine.extension.TimeoutExtension.interceptTestMethod(TimeoutExtension.java:86)
	at org.junit.jupiter.engine.execution.InterceptingExecutableInvoker$ReflectiveInterceptorCall.lambda$ofVoidMethod$0(InterceptingExecutableInvoker.java:103)
	at org.junit.jupiter.engine.execution.InterceptingExecutableInvoker.lambda$invoke$0(InterceptingExecutableInvoker.java:93)
	at org.junit.jupiter.engine.execution.InvocationInterceptorChain$InterceptedInvocation.proceed(InvocationInterceptorChain.java:106)
	at org.junit.jupiter.engine.execution.InvocationInterceptorChain.proceed(InvocationInterceptorChain.java:64)
	at org.junit.jupiter.engine.execution.InvocationInterceptorChain.chainAndInvoke(InvocationInterceptorChain.java:45)
	at org.junit.jupiter.engine.execution.InvocationInterceptorChain.invoke(InvocationInterceptorChain.java:37)
	at org.junit.jupiter.engine.execution.InterceptingExecutableInvoker.invoke(InterceptingExecutableInvoker.java:92)
	at org.junit.jupiter.engine.execution.InterceptingExecutableInvoker.invoke(InterceptingExecutableInvoker.java:86)
	at org.junit.jupiter.engine.descriptor.TestMethodTestDescriptor.lambda$invokeTestMethod$7(TestMethodTestDescriptor.java:217)
	at org.junit.platform.engine.support.hierarchical.ThrowableCollector.execute(ThrowableCollector.java:73)
	at org.junit.jupiter.engine.descriptor.TestMethodTestDescriptor.invokeTestMethod(TestMethodTestDescriptor.java:213)
	at org.junit.jupiter.engine.descriptor.TestMethodTestDescriptor.execute(TestMethodTestDescriptor.java:138)
	at org.junit.jupiter.engine.descriptor.TestMethodTestDescriptor.execute(TestMethodTestDescriptor.java:68)
	at org.junit.platform.engine.support.hierarchical.NodeTestTask.lambda$executeRecursively$6(NodeTestTask.java:151)
	at org.junit.platform.engine.support.hierarchical.ThrowableCollector.execute(ThrowableCollector.java:73)
	at org.junit.platform.engine.support.hierarchical.NodeTestTask.lambda$executeRecursively$8(NodeTestTask.java:141)
	at org.junit.platform.engine.support.hierarchical.Node.around(Node.java:137)
	at org.junit.platform.engine.support.hierarchical.NodeTestTask.lambda$executeRecursively$9(NodeTestTask.java:139)
	at org.junit.platform.engine.support.hierarchical.ThrowableCollector.execute(ThrowableCollector.java:73)
	at org.junit.platform.engine.support.hierarchical.NodeTestTask.executeRecursively(NodeTestTask.java:138)
	at org.junit.platform.engine.support.hierarchical.NodeTestTask.execute(NodeTestTask.java:95)
	at java.base/java.util.ArrayList.forEach(ArrayList.java:1541)
	at org.junit.platform.engine.support.hierarchical.SameThreadHierarchicalTestExecutorService.invokeAll(SameThreadHierarchicalTestExecutorService.java:41)
	at org.junit.platform.engine.support.hierarchical.NodeTestTask.lambda$executeRecursively$6(NodeTestTask.java:155)
	at org.junit.platform.engine.support.hierarchical.ThrowableCollector.execute(ThrowableCollector.java:73)
	at org.junit.platform.engine.support.hierarchical.NodeTestTask.lambda$executeRecursively$8(NodeTestTask.java:141)
	at org.junit.platform.engine.support.hierarchical.Node.around(Node.java:137)
	at org.junit.platform.engine.support.hierarchical.NodeTestTask.lambda$executeRecursively$9(NodeTestTask.java:139)
	at org.junit.platform.engine.support.hierarchical.ThrowableCollector.execute(ThrowableCollector.java:73)
	at org.junit.platform.engine.support.hierarchical.NodeTestTask.executeRecursively(NodeTestTask.java:138)
	at org.junit.platform.engine.support.hierarchical.NodeTestTask.execute(NodeTestTask.java:95)
	at java.base/java.util.ArrayList.forEach(ArrayList.java:1541)
	at org.junit.platform.engine.support.hierarchical.SameThreadHierarchicalTestExecutorService.invokeAll(SameThreadHierarchicalTestExecutorService.java:41)
	at org.junit.platform.engine.support.hierarchical.NodeTestTask.lambda$executeRecursively$6(NodeTestTask.java:155)
	at org.junit.platform.engine.support.hierarchical.ThrowableCollector.execute(ThrowableCollector.java:73)
	at org.junit.platform.engine.support.hierarchical.NodeTestTask.lambda$executeRecursively$8(NodeTestTask.java:141)
	at org.junit.platform.engine.support.hierarchical.Node.around(Node.java:137)
	at org.junit.platform.engine.support.hierarchical.NodeTestTask.lambda$executeRecursively$9(NodeTestTask.java:139)
	at org.junit.platform.engine.support.hierarchical.ThrowableCollector.execute(ThrowableCollector.java:73)
	at org.junit.platform.engine.support.hierarchical.NodeTestTask.executeRecursively(NodeTestTask.java:138)
	at org.junit.platform.engine.support.hierarchical.NodeTestTask.execute(NodeTestTask.java:95)
	at org.junit.platform.engine.support.hierarchical.SameThreadHierarchicalTestExecutorService.submit(SameThreadHierarchicalTestExecutorService.java:35)
	at org.junit.platform.engine.support.hierarchical.HierarchicalTestExecutor.execute(HierarchicalTestExecutor.java:57)
	at org.junit.platform.engine.support.hierarchical.HierarchicalTestEngine.execute(HierarchicalTestEngine.java:54)
	at org.junit.platform.launcher.core.EngineExecutionOrchestrator.execute(EngineExecutionOrchestrator.java:147)
	at org.junit.platform.launcher.core.EngineExecutionOrchestrator.execute(EngineExecutionOrchestrator.java:127)
	at org.junit.platform.launcher.core.EngineExecutionOrchestrator.execute(EngineExecutionOrchestrator.java:90)
	at org.junit.platform.launcher.core.EngineExecutionOrchestrator.lambda$execute$0(EngineExecutionOrchestrator.java:55)
	at org.junit.platform.launcher.core.EngineExecutionOrchestrator.withInterceptedStreams(EngineExecutionOrchestrator.java:102)
	at org.junit.platform.launcher.core.EngineExecutionOrchestrator.execute(EngineExecutionOrchestrator.java:54)
	at org.junit.platform.launcher.core.DefaultLauncher.execute(DefaultLauncher.java:114)
	at org.junit.platform.launcher.core.DefaultLauncher.execute(DefaultLauncher.java:86)
	at org.junit.platform.launcher.core.DefaultLauncherSession$DelegatingLauncher.execute(DefaultLauncherSession.java:86)
	at org.apache.maven.surefire.junitplatform.LazyLauncher.execute(LazyLauncher.java:50)
	at org.apache.maven.surefire.junitplatform.JUnitPlatformProvider.execute(JUnitPlatformProvider.java:184)
	at org.apache.maven.surefire.junitplatform.JUnitPlatformProvider.invokeAllTests(JUnitPlatformProvider.java:148)
	at org.apache.maven.surefire.junitplatform.JUnitPlatformProvider.invoke(JUnitPlatformProvider.java:122)
	at org.apache.maven.surefire.booter.ForkedBooter.runSuitesInProcess(ForkedBooter.java:385)
	at org.apache.maven.surefire.booter.ForkedBooter.execute(ForkedBooter.java:162)
	at org.apache.maven.surefire.booter.ForkedBooter.run(ForkedBooter.java:507)
	at org.apache.maven.surefire.booter.ForkedBooter.main(ForkedBooter.java:495)
]]></failure>
    <system-out><![CDATA[18:20:26.353 [main] DEBUG com.intuit.karate.Suite - [config] classpath:karate-config.js
18:20:26.365 [main] INFO  com.intuit.karate.Suite - backed up existing 'target\karate-reports' dir to: target\karate-reports_1735298426361
18:20:26.376 [main] DEBUG com.intuit.karate.Suite - waiting for 2 features to complete
18:20:27.827 [pool-2-thread-3] INFO  com.intuit.karate - karate.env system property was: null 
18:20:27.827 [pool-2-thread-1] INFO  com.intuit.karate - karate.env system property was: null 
18:20:27.827 [pool-2-thread-2] INFO  com.intuit.karate - karate.env system property was: null 
18:20:28.339 [pool-2-thread-3] DEBUG com.intuit.karate - request:
1 > GET https://api.realworld.io/api/articles?offset=0&limit=10
1 > Host: api.realworld.io
1 > Connection: Keep-Alive
1 > User-Agent: Apache-HttpClient/4.5.14 (Java/11.0.20)
1 > Accept-Encoding: gzip,deflate


18:20:28.339 [pool-2-thread-2] DEBUG com.intuit.karate - request:
1 > GET https://api.realworld.io/api/tags
1 > Host: api.realworld.io
1 > Connection: Keep-Alive
1 > User-Agent: Apache-HttpClient/4.5.14 (Java/11.0.20)
1 > Accept-Encoding: gzip,deflate


18:20:28.340 [pool-2-thread-1] DEBUG com.intuit.karate - request:
1 > POST https://api.realworld.io/api/users/login
1 > Content-Type: application/json; charset=UTF-8
1 > Content-Length: 67
1 > Host: api.realworld.io
1 > Connection: Keep-Alive
1 > User-Agent: Apache-HttpClient/4.5.14 (Java/11.0.20)
1 > Accept-Encoding: gzip,deflate
{"user":{"email":"thuthudia123@gmail.com","password":"Aa123123@."}}

18:20:28.930 [pool-2-thread-2] DEBUG com.intuit.karate - response time in milliseconds: 585
1 < 530
1 < Date: Fri, 27 Dec 2024 11:20:28 GMT
1 < Content-Type: text/plain; charset=UTF-8
1 < Content-Length: 16
1 < Connection: keep-alive
1 < Report-To: {"endpoints":[{"url":"https:\/\/a.nel.cloudflare.com\/report\/v4?s=64bVsFNbWWyJ819pkV5e%2BO%2FuCUrLJfk%2FbuTZ0e8Mp8IXUCFzHUbzUBKDZrS%2B7eL9e2WJxo1AQLmEhcpWOc27Qu1MeM05jWk1U7m2jmKMqyCl1jZyGxs%2FhcegL0wgj4g%2FvMZd"}],"group":"cf-nel","max_age":604800}
1 < NEL: {"success_fraction":0,"report_to":"cf-nel","max_age":604800}
1 < X-Frame-Options: SAMEORIGIN
1 < Referrer-Policy: same-origin
1 < Cache-Control: private, max-age=0, no-store, no-cache, must-revalidate, post-check=0, pre-check=0
1 < Expires: Thu, 01 Jan 1970 00:00:01 GMT
1 < Server: cloudflare
1 < CF-RAY: 8f88ebe91df90399-HKG
1 < alt-svc: h3=":443"; ma=86400
1 < server-timing: cfL4;desc="?proto=TCP&rtt=40756&min_rtt=40640&rtt_var=15473&sent=7&recv=7&lost=0&retrans=0&sent_bytes=3116&recv_bytes=688&delivery_rate=100880&cwnd=252&unsent_bytes=0&cid=682caa26b175a11d&ts=258&x=0"
error code: 1016

18:20:28.930 [pool-2-thread-1] DEBUG com.intuit.karate - response time in milliseconds: 584
1 < 530
1 < Date: Fri, 27 Dec 2024 11:20:28 GMT
1 < Content-Type: text/plain; charset=UTF-8
1 < Content-Length: 16
1 < Connection: keep-alive
1 < Report-To: {"endpoints":[{"url":"https:\/\/a.nel.cloudflare.com\/report\/v4?s=jWgfqIx02F16VRSNCoFQlV6kr1g5wqLHtEU%2F%2Fjdk7Yj3NmUhi%2FSynoacOd%2FT9bGblHjMDIyK8an2ZF80TZ79HQtk4qBjEBgi3sZyNMYTzekWIGl%2BLnM%2BBw22o5ay%2Foa7WOnB"}],"group":"cf-nel","max_age":604800}
1 < NEL: {"success_fraction":0,"report_to":"cf-nel","max_age":604800}
1 < X-Frame-Options: SAMEORIGIN
1 < Referrer-Policy: same-origin
1 < Cache-Control: private, max-age=0, no-store, no-cache, must-revalidate, post-check=0, pre-check=0
1 < Expires: Thu, 01 Jan 1970 00:00:01 GMT
1 < Server: cloudflare
1 < CF-RAY: 8f88ebe91a760ecc-HKG
1 < alt-svc: h3=":443"; ma=86400
1 < server-timing: cfL4;desc="?proto=TCP&rtt=38365&min_rtt=38311&rtt_var=14475&sent=7&recv=7&lost=0&retrans=0&sent_bytes=3116&recv_bytes=830&delivery_rate=108240&cwnd=250&unsent_bytes=0&cid=ba07a41f7cb36fbd&ts=265&x=0"
error code: 1016

18:20:28.963 [pool-2-thread-2] ERROR com.intuit.karate - classpath:conduitApp/feature/HomePage.feature:10
Then status 200
status code was: 530, expected: 200, response time in milliseconds: 585, url: https://api.realworld.io/api/tags, response: 
error code: 1016
classpath:conduitApp/feature/HomePage.feature:10
18:20:28.963 [pool-2-thread-1] ERROR com.intuit.karate - classpath:conduitApp/feature/Article.feature:8
Then status 200
status code was: 530, expected: 200, response time in milliseconds: 584, url: https://api.realworld.io/api/users/login, response: 
error code: 1016
classpath:conduitApp/feature/Article.feature:8
18:20:29.109 [pool-2-thread-3] DEBUG com.intuit.karate - response time in milliseconds: 769
1 < 530
1 < Date: Fri, 27 Dec 2024 11:20:28 GMT
1 < Content-Type: text/plain; charset=UTF-8
1 < Content-Length: 16
1 < Connection: keep-alive
1 < Report-To: {"endpoints":[{"url":"https:\/\/a.nel.cloudflare.com\/report\/v4?s=92sWlP9fp4xBD29UfoCyGxYlJguvCqGvLx%2F4KvLvbjNeOThKbNhswsJFXF4EhWQnEETCyXBdL%2BS2qN0V0dXNVL2GgC9BxZ2Jv3K5DAB1EwUHeokUvTChI7l2iHzLdDIVcizI"}],"group":"cf-nel","max_age":604800}
1 < NEL: {"success_fraction":0,"report_to":"cf-nel","max_age":604800}
1 < X-Frame-Options: SAMEORIGIN
1 < Referrer-Policy: same-origin
1 < Cache-Control: private, max-age=0, no-store, no-cache, must-revalidate, post-check=0, pre-check=0
1 < Expires: Thu, 01 Jan 1970 00:00:01 GMT
1 < Server: cloudflare
1 < CF-RAY: 8f88ebe92a4509fc-HKG
1 < alt-svc: h3=":443"; ma=86400
1 < server-timing: cfL4;desc="?proto=TCP&rtt=193132&min_rtt=186938&rtt_var=82490&sent=5&recv=7&lost=0&retrans=0&sent_bytes=3116&recv_bytes=710&delivery_rate=17734&cwnd=252&unsent_bytes=0&cid=1feac84a66129bdb&ts=270&x=0"
error code: 1016

18:20:29.111 [pool-2-thread-3] ERROR com.intuit.karate - classpath:conduitApp/feature/HomePage.feature:21
Then status 200
status code was: 530, expected: 200, response time in milliseconds: 769, url: https://api.realworld.io/api/articles?offset=0&limit=10, response: 
error code: 1016
classpath:conduitApp/feature/HomePage.feature:21
---------------------------------------------------------
feature: classpath:conduitApp/feature/Article.feature
scenarios:  1 | passed:  0 | failed:  1 | time: 1.0792
---------------------------------------------------------

18:20:29.753 [pool-3-thread-1] INFO  com.intuit.karate.Suite - <<fail>> feature 1 of 2 (1 remaining) classpath:conduitApp/feature/Article.feature
---------------------------------------------------------
feature: classpath:conduitApp/feature/HomePage.feature
scenarios:  2 | passed:  0 | failed:  2 | time: 2.3130
---------------------------------------------------------

18:20:29.867 [pool-3-thread-1] INFO  com.intuit.karate.Suite - <<fail>> feature 2 of 2 (0 remaining) classpath:conduitApp/feature/HomePage.feature
Karate version: 1.4.1
======================================================
elapsed:   4.47 | threads:    5 | thread time: 3.39 
features:     2 | skipped:    0 | efficiency: 0.15
scenarios:    3 | passed:     0 | failed: 3
======================================================
>>> failed features:
status code was: 530, expected: 200, response time in milliseconds: 584, url: https://api.realworld.io/api/users/login, response: 
error code: 1016
classpath:conduitApp/feature/Article.feature:8
status code was: 530, expected: 200, response time in milliseconds: 585, url: https://api.realworld.io/api/tags, response: 
error code: 1016
classpath:conduitApp/feature/HomePage.feature:10
status code was: 530, expected: 200, response time in milliseconds: 769, url: https://api.realworld.io/api/articles?offset=0&limit=10, response: 
error code: 1016
classpath:conduitApp/feature/HomePage.feature:21
<<<

HTML report: (paste into browser to view) | Karate version: 1.4.1
file:///D:/Nhat-Ky-Phong-Van/karate/karate-core/target/karate-reports/karate-summary.html
===================================================================

]]></system-out>
  </testcase>
</testsuite>